#
# There is insufficient memory for the Java Runtime Environment to continue.
# Native memory allocation (malloc) failed to allocate 32744 bytes for ChunkPool::allocate
# Possible reasons:
#   The system is out of physical RAM or swap space
#   The process is running with CompressedOops enabled, and the Java Heap may be blocking the growth of the native heap
# Possible solutions:
#   Reduce memory load on the system
#   Increase physical memory or swap space
#   Check if swap backing store is full
#   Decrease Java heap size (-Xmx/-Xms)
#   Decrease number of Java threads
#   Decrease Java thread stack sizes (-Xss)
#   Set larger code cache with -XX:ReservedCodeCacheSize=
#   JVM is running with Zero Based Compressed Oops mode in which the Java heap is
#     placed in the first 32GB address space. The Java Heap base address is the
#     maximum limit for the native heap growth. Please use -XX:HeapBaseMinAddress
#     to set the Java Heap base and to place the Java Heap above 32GB virtual address.
# This output file may be truncated or incomplete.
#
#  Out of Memory Error (arena.cpp:78), pid=18116, tid=13780
#
# JRE version: Java(TM) SE Runtime Environment (17.0.8+9) (build 17.0.8+9-LTS-211)
# Java VM: Java HotSpot(TM) 64-Bit Server VM (17.0.8+9-LTS-211, mixed mode, sharing, tiered, compressed oops, compressed class ptrs, g1 gc, windows-amd64)
# No core dump will be written. Minidumps are not enabled by default on client versions of Windows
#

---------------  S U M M A R Y ------------

Command Line: -Dfile.encoding=UTF-8 -XX:+ShowCodeDetailsInExceptionMessages bit701.day0904.Ex1_While

Host: Intel(R) Core(TM) i7-9700 CPU @ 3.00GHz, 8 cores, 15G,  Windows 11 , 64 bit Build 22621 (10.0.22621.2070)
Time: Mon Sep  4 16:25:37 2023  Windows 11 , 64 bit Build 22621 (10.0.22621.2070) elapsed time: 15242.104877 seconds (0d 4h 14m 2s)

---------------  T H R E A D  ---------------

Current thread (0x00000176c8705560):  JavaThread "C1 CompilerThread0" daemon [_thread_in_native, id=13780, stack(0x0000003cabc00000,0x0000003cabd00000)]


Current CompileTask:
C1:15242104   78   !   3       java.lang.ref.ReferenceQueue::remove (125 bytes)

Stack: [0x0000003cabc00000,0x0000003cabd00000]
Native frames: (J=compiled Java code, j=interpreted, Vv=VM code, C=native code)
V  [jvm.dll+0x677d0a]
V  [jvm.dll+0x7d8c54]
V  [jvm.dll+0x7da3fe]
V  [jvm.dll+0x7daa63]
V  [jvm.dll+0x245c5f]
V  [jvm.dll+0xaacc0]
V  [jvm.dll+0xab00c]
V  [jvm.dll+0x17afb1]
V  [jvm.dll+0x17dc3e]
V  [jvm.dll+0x17e247]
V  [jvm.dll+0x17e0d0]
V  [jvm.dll+0x1764e5]
V  [jvm.dll+0x17545e]
V  [jvm.dll+0x17ed3b]
V  [jvm.dll+0x1766b8]
V  [jvm.dll+0x179def]
V  [jvm.dll+0x134d83]
V  [jvm.dll+0x13468f]
V  [jvm.dll+0x1348c8]
V  [jvm.dll+0x133d61]
V  [jvm.dll+0x135a0d]
V  [jvm.dll+0x2270be]
V  [jvm.dll+0x22535b]
V  [jvm.dll+0x78e7bc]
V  [jvm.dll+0x788bba]
V  [jvm.dll+0x676b35]
C  [ucrtbase.dll+0x29363]
C  [KERNEL32.DLL+0x126ad]
C  [ntdll.dll+0x5aa68]


---------------  P R O C E S S  ---------------

Threads class SMR info:
_java_thread_list=0x00000176c88df5f0, length=12, elements={
0x00000176a397a830, 0x00000176c86df2d0, 0x00000176c86dfe80, 0x00000176c86fced0,
0x00000176c86fde90, 0x00000176c86fea40, 0x00000176c8701500, 0x00000176c8704850,
0x00000176c8705560, 0x00000176c8705e60, 0x00000176c88dd260, 0x00000176c88e1940
}

Java Threads: ( => current thread )
  0x00000176a397a830 JavaThread "main" [_thread_in_Java, id=13528, stack(0x0000003caae00000,0x0000003caaf00000)]
  0x00000176c86df2d0 JavaThread "Reference Handler" daemon [_thread_blocked, id=5892, stack(0x0000003cab500000,0x0000003cab600000)]
  0x00000176c86dfe80 JavaThread "Finalizer" daemon [_thread_blocked, id=7976, stack(0x0000003cab600000,0x0000003cab700000)]
  0x00000176c86fced0 JavaThread "Signal Dispatcher" daemon [_thread_blocked, id=15088, stack(0x0000003cab700000,0x0000003cab800000)]
  0x00000176c86fde90 JavaThread "Attach Listener" daemon [_thread_blocked, id=1396, stack(0x0000003cab800000,0x0000003cab900000)]
  0x00000176c86fea40 JavaThread "Service Thread" daemon [_thread_blocked, id=15508, stack(0x0000003cab900000,0x0000003caba00000)]
  0x00000176c8701500 JavaThread "Monitor Deflation Thread" daemon [_thread_blocked, id=15780, stack(0x0000003caba00000,0x0000003cabb00000)]
  0x00000176c8704850 JavaThread "C2 CompilerThread0" daemon [_thread_blocked, id=7220, stack(0x0000003cabb00000,0x0000003cabc00000)]
=>0x00000176c8705560 JavaThread "C1 CompilerThread0" daemon [_thread_in_native, id=13780, stack(0x0000003cabc00000,0x0000003cabd00000)]
  0x00000176c8705e60 JavaThread "Sweeper thread" daemon [_thread_blocked, id=11572, stack(0x0000003cabd00000,0x0000003cabe00000)]
  0x00000176c88dd260 JavaThread "Notification Thread" daemon [_thread_blocked, id=15536, stack(0x0000003cabe00000,0x0000003cabf00000)]
  0x00000176c88e1940 JavaThread "Common-Cleaner" daemon [_thread_blocked, id=5872, stack(0x0000003cac000000,0x0000003cac100000)]

Other Threads:
  0x00000176c86d7420 VMThread "VM Thread" [stack: 0x0000003cab400000,0x0000003cab500000] [id=5044]
  0x00000176a3ae0000 WatcherThread [stack: 0x0000003cabf00000,0x0000003cac000000] [id=7436]
  0x00000176a3ac3f60 GCTaskThread "GC Thread#0" [stack: 0x0000003caaf00000,0x0000003cab000000] [id=2760]
  0x00000176a3ad4c20 ConcurrentGCThread "G1 Main Marker" [stack: 0x0000003cab000000,0x0000003cab100000] [id=11980]
  0x00000176a3ad5f30 ConcurrentGCThread "G1 Conc#0" [stack: 0x0000003cab100000,0x0000003cab200000] [id=9412]
  0x00000176c85934e0 ConcurrentGCThread "G1 Refine#0" [stack: 0x0000003cab200000,0x0000003cab300000] [id=6648]
  0x00000176c8593da0 ConcurrentGCThread "G1 Service" [stack: 0x0000003cab300000,0x0000003cab400000] [id=17604]

Threads with active compile tasks:
C1 CompilerThread0  15242121   78   !   3       java.lang.ref.ReferenceQueue::remove (125 bytes)

VM state: not at safepoint (normal execution)

VM Mutex/Monitor currently owned by a thread: None

Heap address: 0x0000000702800000, size: 4056 MB, Compressed Oops mode: Zero based, Oop shift amount: 3

CDS archive(s) mapped at: [0x00000176c9000000-0x00000176c9bd0000-0x00000176c9bd0000), size 12386304, SharedBaseAddress: 0x00000176c9000000, ArchiveRelocationMode: 1.
Compressed class space mapped at: 0x00000176ca000000-0x000001770a000000, reserved size: 1073741824
Narrow klass base: 0x00000176c9000000, Narrow klass shift: 0, Narrow klass range: 0x100000000

GC Precious Log:
 CPUs: 8 total, 8 available
 Memory: 16222M
 Large Page Support: Disabled
 NUMA Support: Disabled
 Compressed Oops: Enabled (Zero based)
 Heap Region Size: 2M
 Heap Min Capacity: 8M
 Heap Initial Capacity: 254M
 Heap Max Capacity: 4056M
 Pre-touch: Disabled
 Parallel Workers: 8
 Concurrent Workers: 2
 Concurrent Refinement Workers: 8
 Periodic GC: Disabled

Heap:
 garbage-first heap   total 260096K, used 0K [0x0000000702800000, 0x0000000800000000)
  region size 2048K, 1 young (2048K), 0 survivors (0K)
 Metaspace       used 191K, committed 384K, reserved 1114112K
  class space    used 9K, committed 128K, reserved 1048576K

Heap Regions: E=young(eden), S=young(survivor), O=old, HS=humongous(starts), HC=humongous(continues), CS=collection set, F=free, OA=open archive, CA=closed archive, TAMS=top-at-mark-start (previous, next)
|   0|0x0000000702800000, 0x0000000702800000, 0x0000000702a00000|  0%| F|  |TAMS 0x0000000702800000, 0x0000000702800000| Untracked 
|   1|0x0000000702a00000, 0x0000000702a00000, 0x0000000702c00000|  0%| F|  |TAMS 0x0000000702a00000, 0x0000000702a00000| Untracked 
|   2|0x0000000702c00000, 0x0000000702c00000, 0x0000000702e00000|  0%| F|  |TAMS 0x0000000702c00000, 0x0000000702c00000| Untracked 
|   3|0x0000000702e00000, 0x0000000702e00000, 0x0000000703000000|  0%| F|  |TAMS 0x0000000702e00000, 0x0000000702e00000| Untracked 
|   4|0x0000000703000000, 0x0000000703000000, 0x0000000703200000|  0%| F|  |TAMS 0x0000000703000000, 0x0000000703000000| Untracked 
|   5|0x0000000703200000, 0x0000000703200000, 0x0000000703400000|  0%| F|  |TAMS 0x0000000703200000, 0x0000000703200000| Untracked 
|   6|0x0000000703400000, 0x0000000703400000, 0x0000000703600000|  0%| F|  |TAMS 0x0000000703400000, 0x0000000703400000| Untracked 
|   7|0x0000000703600000, 0x0000000703600000, 0x0000000703800000|  0%| F|  |TAMS 0x0000000703600000, 0x0000000703600000| Untracked 
|   8|0x0000000703800000, 0x0000000703800000, 0x0000000703a00000|  0%| F|  |TAMS 0x0000000703800000, 0x0000000703800000| Untracked 
|   9|0x0000000703a00000, 0x0000000703a00000, 0x0000000703c00000|  0%| F|  |TAMS 0x0000000703a00000, 0x0000000703a00000| Untracked 
|  10|0x0000000703c00000, 0x0000000703c00000, 0x0000000703e00000|  0%| F|  |TAMS 0x0000000703c00000, 0x0000000703c00000| Untracked 
|  11|0x0000000703e00000, 0x0000000703e00000, 0x0000000704000000|  0%| F|  |TAMS 0x0000000703e00000, 0x0000000703e00000| Untracked 
|  12|0x0000000704000000, 0x0000000704000000, 0x0000000704200000|  0%| F|  |TAMS 0x0000000704000000, 0x0000000704000000| Untracked 
|  13|0x0000000704200000, 0x0000000704200000, 0x0000000704400000|  0%| F|  |TAMS 0x0000000704200000, 0x0000000704200000| Untracked 
|  14|0x0000000704400000, 0x0000000704400000, 0x0000000704600000|  0%| F|  |TAMS 0x0000000704400000, 0x0000000704400000| Untracked 
|  15|0x0000000704600000, 0x0000000704600000, 0x0000000704800000|  0%| F|  |TAMS 0x0000000704600000, 0x0000000704600000| Untracked 
|  16|0x0000000704800000, 0x0000000704800000, 0x0000000704a00000|  0%| F|  |TAMS 0x0000000704800000, 0x0000000704800000| Untracked 
|  17|0x0000000704a00000, 0x0000000704a00000, 0x0000000704c00000|  0%| F|  |TAMS 0x0000000704a00000, 0x0000000704a00000| Untracked 
|  18|0x0000000704c00000, 0x0000000704c00000, 0x0000000704e00000|  0%| F|  |TAMS 0x0000000704c00000, 0x0000000704c00000| Untracked 
|  19|0x0000000704e00000, 0x0000000704e00000, 0x0000000705000000|  0%| F|  |TAMS 0x0000000704e00000, 0x0000000704e00000| Untracked 
|  20|0x0000000705000000, 0x0000000705000000, 0x0000000705200000|  0%| F|  |TAMS 0x0000000705000000, 0x0000000705000000| Untracked 
|  21|0x0000000705200000, 0x0000000705200000, 0x0000000705400000|  0%| F|  |TAMS 0x0000000705200000, 0x0000000705200000| Untracked 
|  22|0x0000000705400000, 0x0000000705400000, 0x0000000705600000|  0%| F|  |TAMS 0x0000000705400000, 0x0000000705400000| Untracked 
|  23|0x0000000705600000, 0x0000000705600000, 0x0000000705800000|  0%| F|  |TAMS 0x0000000705600000, 0x0000000705600000| Untracked 
|  24|0x0000000705800000, 0x0000000705800000, 0x0000000705a00000|  0%| F|  |TAMS 0x0000000705800000, 0x0000000705800000| Untracked 
|  25|0x0000000705a00000, 0x0000000705a00000, 0x0000000705c00000|  0%| F|  |TAMS 0x0000000705a00000, 0x0000000705a00000| Untracked 
|  26|0x0000000705c00000, 0x0000000705c00000, 0x0000000705e00000|  0%| F|  |TAMS 0x0000000705c00000, 0x0000000705c00000| Untracked 
|  27|0x0000000705e00000, 0x0000000705e00000, 0x0000000706000000|  0%| F|  |TAMS 0x0000000705e00000, 0x0000000705e00000| Untracked 
|  28|0x0000000706000000, 0x0000000706000000, 0x0000000706200000|  0%| F|  |TAMS 0x0000000706000000, 0x0000000706000000| Untracked 
|  29|0x0000000706200000, 0x0000000706200000, 0x0000000706400000|  0%| F|  |TAMS 0x0000000706200000, 0x0000000706200000| Untracked 
|  30|0x0000000706400000, 0x0000000706400000, 0x0000000706600000|  0%| F|  |TAMS 0x0000000706400000, 0x0000000706400000| Untracked 
|  31|0x0000000706600000, 0x0000000706600000, 0x0000000706800000|  0%| F|  |TAMS 0x0000000706600000, 0x0000000706600000| Untracked 
|  32|0x0000000706800000, 0x0000000706800000, 0x0000000706a00000|  0%| F|  |TAMS 0x0000000706800000, 0x0000000706800000| Untracked 
|  33|0x0000000706a00000, 0x0000000706a00000, 0x0000000706c00000|  0%| F|  |TAMS 0x0000000706a00000, 0x0000000706a00000| Untracked 
|  34|0x0000000706c00000, 0x0000000706c00000, 0x0000000706e00000|  0%| F|  |TAMS 0x0000000706c00000, 0x0000000706c00000| Untracked 
|  35|0x0000000706e00000, 0x0000000706e00000, 0x0000000707000000|  0%| F|  |TAMS 0x0000000706e00000, 0x0000000706e00000| Untracked 
|  36|0x0000000707000000, 0x0000000707000000, 0x0000000707200000|  0%| F|  |TAMS 0x0000000707000000, 0x0000000707000000| Untracked 
|  37|0x0000000707200000, 0x0000000707200000, 0x0000000707400000|  0%| F|  |TAMS 0x0000000707200000, 0x0000000707200000| Untracked 
|  38|0x0000000707400000, 0x0000000707400000, 0x0000000707600000|  0%| F|  |TAMS 0x0000000707400000, 0x0000000707400000| Untracked 
|  39|0x0000000707600000, 0x0000000707600000, 0x0000000707800000|  0%| F|  |TAMS 0x0000000707600000, 0x0000000707600000| Untracked 
|  40|0x0000000707800000, 0x0000000707800000, 0x0000000707a00000|  0%| F|  |TAMS 0x0000000707800000, 0x0000000707800000| Untracked 
|  41|0x0000000707a00000, 0x0000000707a00000, 0x0000000707c00000|  0%| F|  |TAMS 0x0000000707a00000, 0x0000000707a00000| Untracked 
|  42|0x0000000707c00000, 0x0000000707c00000, 0x0000000707e00000|  0%| F|  |TAMS 0x0000000707c00000, 0x0000000707c00000| Untracked 
|  43|0x0000000707e00000, 0x0000000707e00000, 0x0000000708000000|  0%| F|  |TAMS 0x0000000707e00000, 0x0000000707e00000| Untracked 
|  44|0x0000000708000000, 0x0000000708000000, 0x0000000708200000|  0%| F|  |TAMS 0x0000000708000000, 0x0000000708000000| Untracked 
|  45|0x0000000708200000, 0x0000000708200000, 0x0000000708400000|  0%| F|  |TAMS 0x0000000708200000, 0x0000000708200000| Untracked 
|  46|0x0000000708400000, 0x0000000708400000, 0x0000000708600000|  0%| F|  |TAMS 0x0000000708400000, 0x0000000708400000| Untracked 
|  47|0x0000000708600000, 0x0000000708600000, 0x0000000708800000|  0%| F|  |TAMS 0x0000000708600000, 0x0000000708600000| Untracked 
|  48|0x0000000708800000, 0x0000000708800000, 0x0000000708a00000|  0%| F|  |TAMS 0x0000000708800000, 0x0000000708800000| Untracked 
|  49|0x0000000708a00000, 0x0000000708a00000, 0x0000000708c00000|  0%| F|  |TAMS 0x0000000708a00000, 0x0000000708a00000| Untracked 
|  50|0x0000000708c00000, 0x0000000708c00000, 0x0000000708e00000|  0%| F|  |TAMS 0x0000000708c00000, 0x0000000708c00000| Untracked 
|  51|0x0000000708e00000, 0x0000000708e00000, 0x0000000709000000|  0%| F|  |TAMS 0x0000000708e00000, 0x0000000708e00000| Untracked 
|  52|0x0000000709000000, 0x0000000709000000, 0x0000000709200000|  0%| F|  |TAMS 0x0000000709000000, 0x0000000709000000| Untracked 
|  53|0x0000000709200000, 0x0000000709200000, 0x0000000709400000|  0%| F|  |TAMS 0x0000000709200000, 0x0000000709200000| Untracked 
|  54|0x0000000709400000, 0x0000000709400000, 0x0000000709600000|  0%| F|  |TAMS 0x0000000709400000, 0x0000000709400000| Untracked 
|  55|0x0000000709600000, 0x0000000709600000, 0x0000000709800000|  0%| F|  |TAMS 0x0000000709600000, 0x0000000709600000| Untracked 
|  56|0x0000000709800000, 0x0000000709800000, 0x0000000709a00000|  0%| F|  |TAMS 0x0000000709800000, 0x0000000709800000| Untracked 
|  57|0x0000000709a00000, 0x0000000709a00000, 0x0000000709c00000|  0%| F|  |TAMS 0x0000000709a00000, 0x0000000709a00000| Untracked 
|  58|0x0000000709c00000, 0x0000000709c00000, 0x0000000709e00000|  0%| F|  |TAMS 0x0000000709c00000, 0x0000000709c00000| Untracked 
|  59|0x0000000709e00000, 0x0000000709e00000, 0x000000070a000000|  0%| F|  |TAMS 0x0000000709e00000, 0x0000000709e00000| Untracked 
|  60|0x000000070a000000, 0x000000070a000000, 0x000000070a200000|  0%| F|  |TAMS 0x000000070a000000, 0x000000070a000000| Untracked 
|  61|0x000000070a200000, 0x000000070a200000, 0x000000070a400000|  0%| F|  |TAMS 0x000000070a200000, 0x000000070a200000| Untracked 
|  62|0x000000070a400000, 0x000000070a400000, 0x000000070a600000|  0%| F|  |TAMS 0x000000070a400000, 0x000000070a400000| Untracked 
|  63|0x000000070a600000, 0x000000070a600000, 0x000000070a800000|  0%| F|  |TAMS 0x000000070a600000, 0x000000070a600000| Untracked 
|  64|0x000000070a800000, 0x000000070a800000, 0x000000070aa00000|  0%| F|  |TAMS 0x000000070a800000, 0x000000070a800000| Untracked 
|  65|0x000000070aa00000, 0x000000070aa00000, 0x000000070ac00000|  0%| F|  |TAMS 0x000000070aa00000, 0x000000070aa00000| Untracked 
|  66|0x000000070ac00000, 0x000000070ac00000, 0x000000070ae00000|  0%| F|  |TAMS 0x000000070ac00000, 0x000000070ac00000| Untracked 
|  67|0x000000070ae00000, 0x000000070ae00000, 0x000000070b000000|  0%| F|  |TAMS 0x000000070ae00000, 0x000000070ae00000| Untracked 
|  68|0x000000070b000000, 0x000000070b000000, 0x000000070b200000|  0%| F|  |TAMS 0x000000070b000000, 0x000000070b000000| Untracked 
|  69|0x000000070b200000, 0x000000070b200000, 0x000000070b400000|  0%| F|  |TAMS 0x000000070b200000, 0x000000070b200000| Untracked 
|  70|0x000000070b400000, 0x000000070b400000, 0x000000070b600000|  0%| F|  |TAMS 0x000000070b400000, 0x000000070b400000| Untracked 
|  71|0x000000070b600000, 0x000000070b600000, 0x000000070b800000|  0%| F|  |TAMS 0x000000070b600000, 0x000000070b600000| Untracked 
|  72|0x000000070b800000, 0x000000070b800000, 0x000000070ba00000|  0%| F|  |TAMS 0x000000070b800000, 0x000000070b800000| Untracked 
|  73|0x000000070ba00000, 0x000000070ba00000, 0x000000070bc00000|  0%| F|  |TAMS 0x000000070ba00000, 0x000000070ba00000| Untracked 
|  74|0x000000070bc00000, 0x000000070bc00000, 0x000000070be00000|  0%| F|  |TAMS 0x000000070bc00000, 0x000000070bc00000| Untracked 
|  75|0x000000070be00000, 0x000000070be00000, 0x000000070c000000|  0%| F|  |TAMS 0x000000070be00000, 0x000000070be00000| Untracked 
|  76|0x000000070c000000, 0x000000070c000000, 0x000000070c200000|  0%| F|  |TAMS 0x000000070c000000, 0x000000070c000000| Untracked 
|  77|0x000000070c200000, 0x000000070c200000, 0x000000070c400000|  0%| F|  |TAMS 0x000000070c200000, 0x000000070c200000| Untracked 
|  78|0x000000070c400000, 0x000000070c400000, 0x000000070c600000|  0%| F|  |TAMS 0x000000070c400000, 0x000000070c400000| Untracked 
|  79|0x000000070c600000, 0x000000070c600000, 0x000000070c800000|  0%| F|  |TAMS 0x000000070c600000, 0x000000070c600000| Untracked 
|  80|0x000000070c800000, 0x000000070c800000, 0x000000070ca00000|  0%| F|  |TAMS 0x000000070c800000, 0x000000070c800000| Untracked 
|  81|0x000000070ca00000, 0x000000070ca00000, 0x000000070cc00000|  0%| F|  |TAMS 0x000000070ca00000, 0x000000070ca00000| Untracked 
|  82|0x000000070cc00000, 0x000000070cc00000, 0x000000070ce00000|  0%| F|  |TAMS 0x000000070cc00000, 0x000000070cc00000| Untracked 
|  83|0x000000070ce00000, 0x000000070ce00000, 0x000000070d000000|  0%| F|  |TAMS 0x000000070ce00000, 0x000000070ce00000| Untracked 
|  84|0x000000070d000000, 0x000000070d000000, 0x000000070d200000|  0%| F|  |TAMS 0x000000070d000000, 0x000000070d000000| Untracked 
|  85|0x000000070d200000, 0x000000070d200000, 0x000000070d400000|  0%| F|  |TAMS 0x000000070d200000, 0x000000070d200000| Untracked 
|  86|0x000000070d400000, 0x000000070d400000, 0x000000070d600000|  0%| F|  |TAMS 0x000000070d400000, 0x000000070d400000| Untracked 
|  87|0x000000070d600000, 0x000000070d600000, 0x000000070d800000|  0%| F|  |TAMS 0x000000070d600000, 0x000000070d600000| Untracked 
|  88|0x000000070d800000, 0x000000070d800000, 0x000000070da00000|  0%| F|  |TAMS 0x000000070d800000, 0x000000070d800000| Untracked 
|  89|0x000000070da00000, 0x000000070da00000, 0x000000070dc00000|  0%| F|  |TAMS 0x000000070da00000, 0x000000070da00000| Untracked 
|  90|0x000000070dc00000, 0x000000070dc00000, 0x000000070de00000|  0%| F|  |TAMS 0x000000070dc00000, 0x000000070dc00000| Untracked 
|  91|0x000000070de00000, 0x000000070de00000, 0x000000070e000000|  0%| F|  |TAMS 0x000000070de00000, 0x000000070de00000| Untracked 
|  92|0x000000070e000000, 0x000000070e000000, 0x000000070e200000|  0%| F|  |TAMS 0x000000070e000000, 0x000000070e000000| Untracked 
|  93|0x000000070e200000, 0x000000070e200000, 0x000000070e400000|  0%| F|  |TAMS 0x000000070e200000, 0x000000070e200000| Untracked 
|  94|0x000000070e400000, 0x000000070e400000, 0x000000070e600000|  0%| F|  |TAMS 0x000000070e400000, 0x000000070e400000| Untracked 
|  95|0x000000070e600000, 0x000000070e600000, 0x000000070e800000|  0%| F|  |TAMS 0x000000070e600000, 0x000000070e600000| Untracked 
|  96|0x000000070e800000, 0x000000070e800000, 0x000000070ea00000|  0%| F|  |TAMS 0x000000070e800000, 0x000000070e800000| Untracked 
|  97|0x000000070ea00000, 0x000000070ea00000, 0x000000070ec00000|  0%| F|  |TAMS 0x000000070ea00000, 0x000000070ea00000| Untracked 
|  98|0x000000070ec00000, 0x000000070ec00000, 0x000000070ee00000|  0%| F|  |TAMS 0x000000070ec00000, 0x000000070ec00000| Untracked 
|  99|0x000000070ee00000, 0x000000070ee00000, 0x000000070f000000|  0%| F|  |TAMS 0x000000070ee00000, 0x000000070ee00000| Untracked 
| 100|0x000000070f000000, 0x000000070f000000, 0x000000070f200000|  0%| F|  |TAMS 0x000000070f000000, 0x000000070f000000| Untracked 
| 101|0x000000070f200000, 0x000000070f200000, 0x000000070f400000|  0%| F|  |TAMS 0x000000070f200000, 0x000000070f200000| Untracked 
| 102|0x000000070f400000, 0x000000070f400000, 0x000000070f600000|  0%| F|  |TAMS 0x000000070f400000, 0x000000070f400000| Untracked 
| 103|0x000000070f600000, 0x000000070f600000, 0x000000070f800000|  0%| F|  |TAMS 0x000000070f600000, 0x000000070f600000| Untracked 
| 104|0x000000070f800000, 0x000000070f800000, 0x000000070fa00000|  0%| F|  |TAMS 0x000000070f800000, 0x000000070f800000| Untracked 
| 105|0x000000070fa00000, 0x000000070fa00000, 0x000000070fc00000|  0%| F|  |TAMS 0x000000070fa00000, 0x000000070fa00000| Untracked 
| 106|0x000000070fc00000, 0x000000070fc00000, 0x000000070fe00000|  0%| F|  |TAMS 0x000000070fc00000, 0x000000070fc00000| Untracked 
| 107|0x000000070fe00000, 0x000000070fe00000, 0x0000000710000000|  0%| F|  |TAMS 0x000000070fe00000, 0x000000070fe00000| Untracked 
| 108|0x0000000710000000, 0x0000000710000000, 0x0000000710200000|  0%| F|  |TAMS 0x0000000710000000, 0x0000000710000000| Untracked 
| 109|0x0000000710200000, 0x0000000710200000, 0x0000000710400000|  0%| F|  |TAMS 0x0000000710200000, 0x0000000710200000| Untracked 
| 110|0x0000000710400000, 0x0000000710400000, 0x0000000710600000|  0%| F|  |TAMS 0x0000000710400000, 0x0000000710400000| Untracked 
| 111|0x0000000710600000, 0x0000000710600000, 0x0000000710800000|  0%| F|  |TAMS 0x0000000710600000, 0x0000000710600000| Untracked 
| 112|0x0000000710800000, 0x0000000710800000, 0x0000000710a00000|  0%| F|  |TAMS 0x0000000710800000, 0x0000000710800000| Untracked 
| 113|0x0000000710a00000, 0x0000000710a00000, 0x0000000710c00000|  0%| F|  |TAMS 0x0000000710a00000, 0x0000000710a00000| Untracked 
| 114|0x0000000710c00000, 0x0000000710c00000, 0x0000000710e00000|  0%| F|  |TAMS 0x0000000710c00000, 0x0000000710c00000| Untracked 
| 115|0x0000000710e00000, 0x0000000710e00000, 0x0000000711000000|  0%| F|  |TAMS 0x0000000710e00000, 0x0000000710e00000| Untracked 
| 116|0x0000000711000000, 0x0000000711000000, 0x0000000711200000|  0%| F|  |TAMS 0x0000000711000000, 0x0000000711000000| Untracked 
| 117|0x0000000711200000, 0x0000000711200000, 0x0000000711400000|  0%| F|  |TAMS 0x0000000711200000, 0x0000000711200000| Untracked 
| 118|0x0000000711400000, 0x0000000711400000, 0x0000000711600000|  0%| F|  |TAMS 0x0000000711400000, 0x0000000711400000| Untracked 
| 119|0x0000000711600000, 0x0000000711600000, 0x0000000711800000|  0%| F|  |TAMS 0x0000000711600000, 0x0000000711600000| Untracked 
| 120|0x0000000711800000, 0x0000000711800000, 0x0000000711a00000|  0%| F|  |TAMS 0x0000000711800000, 0x0000000711800000| Untracked 
| 121|0x0000000711a00000, 0x0000000711a00000, 0x0000000711c00000|  0%| F|  |TAMS 0x0000000711a00000, 0x0000000711a00000| Untracked 
| 122|0x0000000711c00000, 0x0000000711c00000, 0x0000000711e00000|  0%| F|  |TAMS 0x0000000711c00000, 0x0000000711c00000| Untracked 
| 123|0x0000000711e00000, 0x0000000711e00000, 0x0000000712000000|  0%| F|  |TAMS 0x0000000711e00000, 0x0000000711e00000| Untracked 
| 124|0x0000000712000000, 0x0000000712000000, 0x0000000712200000|  0%| F|  |TAMS 0x0000000712000000, 0x0000000712000000| Untracked 
| 125|0x0000000712200000, 0x0000000712200000, 0x0000000712400000|  0%| F|  |TAMS 0x0000000712200000, 0x0000000712200000| Untracked 
| 126|0x0000000712400000, 0x00000007125c2a50, 0x0000000712600000| 88%| E|  |TAMS 0x0000000712400000, 0x0000000712400000| Complete 

Card table byte_map: [0x00000176bcd50000,0x00000176bd540000] _byte_map_base: 0x00000176b953c000

Marking Bits (Prev, Next): (CMBitMap*) 0x00000176a3ac4570, (CMBitMap*) 0x00000176a3ac45b0
 Prev Bits: [0x00000176bdd30000, 0x00000176c1c90000)
 Next Bits: [0x00000176c1c90000, 0x00000176c5bf0000)

Polling page: 0x00000176a3b30000

Metaspace:

Usage:
  Non-class:    181.73 KB used.
      Class:      9.30 KB used.
       Both:    191.03 KB used.

Virtual space:
  Non-class space:       64.00 MB reserved,     256.00 KB ( <1%) committed,  1 nodes.
      Class space:        1.00 GB reserved,     128.00 KB ( <1%) committed,  1 nodes.
             Both:        1.06 GB reserved,     384.00 KB ( <1%) committed. 

Chunk freelists:
   Non-Class:  12.00 MB
       Class:  15.75 MB
        Both:  27.74 MB

MaxMetaspaceSize: unlimited
CompressedClassSpaceSize: 1.00 GB
Initial GC threshold: 21.00 MB
Current GC threshold: 21.00 MB
CDS: on
MetaspaceReclaimPolicy: balanced
 - commit_granule_bytes: 65536.
 - commit_granule_words: 8192.
 - virtual_space_node_default_size: 8388608.
 - enlarge_chunks_in_place: 1.
 - new_chunks_are_fully_committed: 0.
 - uncommit_free_chunks: 1.
 - use_allocation_guard: 0.
 - handle_deallocations: 1.


Internal statistics:

num_allocs_failed_limit: 0.
num_arena_births: 4.
num_arena_deaths: 0.
num_vsnodes_births: 2.
num_vsnodes_deaths: 0.
num_space_committed: 6.
num_space_uncommitted: 0.
num_chunks_returned_to_freelist: 0.
num_chunks_taken_from_freelist: 5.
num_chunk_merges: 0.
num_chunk_splits: 3.
num_chunks_enlarged: 0.
num_purges: 0.
num_inconsistent_stats: 0.

CodeHeap 'non-profiled nmethods': size=120000Kb used=21Kb max_used=21Kb free=119978Kb
 bounds [0x00000176b45d0000, 0x00000176b4840000, 0x00000176bbb00000]
CodeHeap 'profiled nmethods': size=120000Kb used=94Kb max_used=94Kb free=119905Kb
 bounds [0x00000176acb00000, 0x00000176acd70000, 0x00000176b4030000]
CodeHeap 'non-nmethods': size=5760Kb used=1038Kb max_used=1053Kb free=4721Kb
 bounds [0x00000176b4030000, 0x00000176b42a0000, 0x00000176b45d0000]
 total_blobs=370 nmethods=77 adapters=206
 compilation: enabled
              stopped_count=0, restarted_count=0
 full_count=0

Compilation events (20 events):
Event: 0.046 Thread 0x00000176c8705560   66       3       java.lang.String::checkBoundsOffCount (64 bytes)
Event: 0.046 Thread 0x00000176c8705560 nmethod 66 0x00000176acb14d10 code [0x00000176acb14fa0, 0x00000176acb15898]
Event: 0.046 Thread 0x00000176c8705560   67       3       java.lang.StringLatin1::canEncode (13 bytes)
Event: 0.046 Thread 0x00000176c8705560 nmethod 67 0x00000176acb15c10 code [0x00000176acb15da0, 0x00000176acb15ef8]
Event: 0.046 Thread 0x00000176c8705560   68       3       java.lang.StringUTF16::length (5 bytes)
Event: 0.046 Thread 0x00000176c8705560 nmethod 68 0x00000176acb15f90 code [0x00000176acb16120, 0x00000176acb16218]
Event: 0.046 Thread 0x00000176c8705560   69       1       java.nio.Buffer::position (5 bytes)
Event: 0.046 Thread 0x00000176c8705560 nmethod 69 0x00000176b45d3490 code [0x00000176b45d3620, 0x00000176b45d36f8]
Event: 0.046 Thread 0x00000176c8705560   70       1       java.nio.Buffer::limit (5 bytes)
Event: 0.046 Thread 0x00000176c8705560 nmethod 70 0x00000176b45d3790 code [0x00000176b45d3920, 0x00000176b45d39f8]
Event: 0.047 Thread 0x00000176c8705560   71 %     3       bit701.day0904.Ex1_While::main @ 80 (87 bytes)
Event: 0.047 Thread 0x00000176c8705560 nmethod 71% 0x00000176acb16310 code [0x00000176acb165a0, 0x00000176acb16f68]
Event: 0.047 Thread 0x00000176c8704850 nmethod 63 0x00000176b45d3a90 code [0x00000176b45d3c00, 0x00000176b45d3d78]
Event: 0.047 Thread 0x00000176c8704850   72 %     4       bit701.day0904.Ex1_While::main @ 80 (87 bytes)
Event: 0.048 Thread 0x00000176c8704850 nmethod 72% 0x00000176b45d3e90 code [0x00000176b45d4000, 0x00000176b45d4078]
Event: 0.048 Thread 0x00000176c8704850   73       4       bit701.day0904.Ex1_While::main (87 bytes)
Event: 0.055 Thread 0x00000176c8704850 nmethod 73 0x00000176b45d4190 code [0x00000176b45d4380, 0x00000176b45d47b0]
Event: 7621.071 Thread 0x00000176c8705560   75       3       java.lang.ref.ReferenceQueue::reallyPoll (65 bytes)
Event: 7621.073 Thread 0x00000176c8705560 nmethod 75 0x00000176acb17310 code [0x00000176acb174e0, 0x00000176acb17a38]
Event: 15242.095 Thread 0x00000176c8705560   78   !   3       java.lang.ref.ReferenceQueue::remove (125 bytes)

GC Heap History (0 events):
No events

Deoptimization events (2 events):
Event: 0.048 Thread 0x00000176a397a830 DEOPT PACKING pc=0x00000176acb16e3a sp=0x0000003caaeff2b0
Event: 0.048 Thread 0x00000176a397a830 DEOPT UNPACKING pc=0x00000176b4082b43 sp=0x0000003caaefe7a0 mode 0

Classes unloaded (0 events):
No events

Classes redefined (0 events):
No events

Internal exceptions (0 events):
No events

VM Operations (2 events):
Event: 1.032 Executing VM operation: Cleanup
Event: 1.032 Executing VM operation: Cleanup done

Events (20 events):
Event: 0.029 loading class sun/nio/cs/DoubleByte done
Event: 0.031 loading class sun/nio/cs/UTF_8$Encoder
Event: 0.031 loading class sun/nio/cs/UTF_8$Encoder done
Event: 0.032 Thread 0x00000176c86fced0 Thread added: 0x00000176c86fced0
Event: 0.032 Thread 0x00000176c86fde90 Thread added: 0x00000176c86fde90
Event: 0.032 Thread 0x00000176c86fea40 Thread added: 0x00000176c86fea40
Event: 0.032 Thread 0x00000176c8701500 Thread added: 0x00000176c8701500
Event: 0.032 Thread 0x00000176c8704850 Thread added: 0x00000176c8704850
Event: 0.032 Thread 0x00000176c8705560 Thread added: 0x00000176c8705560
Event: 0.032 Thread 0x00000176c8705e60 Thread added: 0x00000176c8705e60
Event: 0.041 Thread 0x00000176c88dd260 Thread added: 0x00000176c88dd260
Event: 0.041 loading class sun/nio/cs/DoubleByte$Encoder
Event: 0.041 loading class sun/nio/cs/DoubleByte$Encoder done
Event: 0.041 loading class sun/nio/cs/MS949$EncodeHolder
Event: 0.041 loading class sun/nio/cs/MS949$EncodeHolder done
Event: 0.044 loading class jdk/internal/loader/URLClassPath$FileLoader
Event: 0.044 loading class jdk/internal/loader/URLClassPath$FileLoader done
Event: 0.044 loading class jdk/internal/loader/URLClassPath$FileLoader$1
Event: 0.044 loading class jdk/internal/loader/URLClassPath$FileLoader$1 done
Event: 0.045 Thread 0x00000176c88e1940 Thread added: 0x00000176c88e1940


Dynamic libraries:
0x00007ff6af650000 - 0x00007ff6af660000 	C:\Program Files\Java\jdk-17\bin\javaw.exe
0x00007ffb4eb90000 - 0x00007ffb4eda4000 	C:\Windows\SYSTEM32\ntdll.dll
0x00007ffb4d940000 - 0x00007ffb4da04000 	C:\Windows\System32\KERNEL32.DLL
0x00007ffb4c2f0000 - 0x00007ffb4c694000 	C:\Windows\System32\KERNELBASE.dll
0x00007ffb4c010000 - 0x00007ffb4c121000 	C:\Windows\System32\ucrtbase.dll
0x00007ffb3e7e0000 - 0x00007ffb3e7f9000 	C:\Program Files\Java\jdk-17\bin\jli.dll
0x00007ffb3d160000 - 0x00007ffb3d17b000 	C:\Program Files\Java\jdk-17\bin\VCRUNTIME140.dll
0x00007ffb4d1b0000 - 0x00007ffb4d260000 	C:\Windows\System32\ADVAPI32.dll
0x00007ffb4cef0000 - 0x00007ffb4cf97000 	C:\Windows\System32\msvcrt.dll
0x00007ffb4e8e0000 - 0x00007ffb4e986000 	C:\Windows\System32\sechost.dll
0x00007ffb4c950000 - 0x00007ffb4ca67000 	C:\Windows\System32\RPCRT4.dll
0x00007ffb4e730000 - 0x00007ffb4e8da000 	C:\Windows\System32\USER32.dll
0x00007ffb4c130000 - 0x00007ffb4c156000 	C:\Windows\System32\win32u.dll
0x00007ffb4d120000 - 0x00007ffb4d149000 	C:\Windows\System32\GDI32.dll
0x00007ffb315e0000 - 0x00007ffb3186f000 	C:\Windows\WinSxS\amd64_microsoft.windows.common-controls_6595b64144ccf1df_6.0.22621.2070_none_2713e6537381f706\COMCTL32.dll
0x00007ffb4c160000 - 0x00007ffb4c279000 	C:\Windows\System32\gdi32full.dll
0x00007ffb4bf70000 - 0x00007ffb4c00a000 	C:\Windows\System32\msvcp_win.dll
0x00007ffb45180000 - 0x00007ffb4518a000 	C:\Windows\SYSTEM32\VERSION.dll
0x00007ffb4e4e0000 - 0x00007ffb4e511000 	C:\Windows\System32\IMM32.DLL
0x00007ffb41ac0000 - 0x00007ffb41acc000 	C:\Program Files\Java\jdk-17\bin\vcruntime140_1.dll
0x00007ffb3ad80000 - 0x00007ffb3ae0e000 	C:\Program Files\Java\jdk-17\bin\msvcp140.dll
0x00007ffaea280000 - 0x00007ffaeae5e000 	C:\Program Files\Java\jdk-17\bin\server\jvm.dll
0x00007ffb4d700000 - 0x00007ffb4d708000 	C:\Windows\System32\PSAPI.DLL
0x00007ffb45fa0000 - 0x00007ffb45fa9000 	C:\Windows\SYSTEM32\WSOCK32.dll
0x00007ffb35d90000 - 0x00007ffb35dc4000 	C:\Windows\SYSTEM32\WINMM.dll
0x00007ffb4cfa0000 - 0x00007ffb4d011000 	C:\Windows\System32\WS2_32.dll
0x00007ffb4af60000 - 0x00007ffb4af78000 	C:\Windows\SYSTEM32\kernel.appcore.dll
0x00007ffb40ca0000 - 0x00007ffb40caa000 	C:\Program Files\Java\jdk-17\bin\jimage.dll
0x00007ffb3a920000 - 0x00007ffb3ab4e000 	C:\Windows\SYSTEM32\DBGHELP.DLL
0x00007ffb4d370000 - 0x00007ffb4d6fa000 	C:\Windows\System32\combase.dll
0x00007ffb4d260000 - 0x00007ffb4d337000 	C:\Windows\System32\OLEAUT32.dll
0x00007ffb3a8e0000 - 0x00007ffb3a912000 	C:\Windows\SYSTEM32\dbgcore.DLL
0x00007ffb4c6a0000 - 0x00007ffb4c71a000 	C:\Windows\System32\bcryptPrimitives.dll
0x00007ffb37e10000 - 0x00007ffb37e35000 	C:\Program Files\Java\jdk-17\bin\java.dll
0x00007ffb14b80000 - 0x00007ffb14c57000 	C:\Program Files\Java\jdk-17\bin\jsvml.dll
0x00007ffb4dc00000 - 0x00007ffb4e416000 	C:\Windows\System32\SHELL32.dll
0x00007ffb49f40000 - 0x00007ffb4a82a000 	C:\Windows\SYSTEM32\windows.storage.dll
0x00007ffb49e00000 - 0x00007ffb49f3e000 	C:\Windows\SYSTEM32\wintypes.dll
0x00007ffb4d820000 - 0x00007ffb4d913000 	C:\Windows\System32\SHCORE.dll
0x00007ffb4e5a0000 - 0x00007ffb4e5fe000 	C:\Windows\System32\shlwapi.dll
0x00007ffb4bea0000 - 0x00007ffb4bec6000 	C:\Windows\SYSTEM32\profapi.dll

dbghelp: loaded successfully - version: 4.0.5 - missing functions: none
symbol engine: initialized successfully - sym options: 0x614 - pdb path: .;C:\Program Files\Java\jdk-17\bin;C:\Windows\SYSTEM32;C:\Windows\WinSxS\amd64_microsoft.windows.common-controls_6595b64144ccf1df_6.0.22621.2070_none_2713e6537381f706;C:\Program Files\Java\jdk-17\bin\server

VM Arguments:
jvm_args: -Dfile.encoding=UTF-8 -XX:+ShowCodeDetailsInExceptionMessages 
java_command: bit701.day0904.Ex1_While
java_class_path (initial): D:\naver0829\workstudy\javawork\NaverJavaProject\bin
Launcher Type: SUN_STANDARD

[Global flags]
     intx CICompilerCount                          = 4                                         {product} {ergonomic}
     uint ConcGCThreads                            = 2                                         {product} {ergonomic}
     uint G1ConcRefinementThreads                  = 8                                         {product} {ergonomic}
   size_t G1HeapRegionSize                         = 2097152                                   {product} {ergonomic}
    uintx GCDrainStackTargetSize                   = 64                                        {product} {ergonomic}
   size_t InitialHeapSize                          = 266338304                                 {product} {ergonomic}
   size_t MarkStackSize                            = 4194304                                   {product} {ergonomic}
   size_t MaxHeapSize                              = 4253024256                                {product} {ergonomic}
   size_t MaxNewSize                               = 2550136832                                {product} {ergonomic}
   size_t MinHeapDeltaBytes                        = 2097152                                   {product} {ergonomic}
   size_t MinHeapSize                              = 8388608                                   {product} {ergonomic}
    uintx NonNMethodCodeHeapSize                   = 5839372                                {pd product} {ergonomic}
    uintx NonProfiledCodeHeapSize                  = 122909434                              {pd product} {ergonomic}
    uintx ProfiledCodeHeapSize                     = 122909434                              {pd product} {ergonomic}
    uintx ReservedCodeCacheSize                    = 251658240                              {pd product} {ergonomic}
     bool SegmentedCodeCache                       = true                                      {product} {ergonomic}
     bool ShowCodeDetailsInExceptionMessages       = true                                   {manageable} {command line}
   size_t SoftMaxHeapSize                          = 4253024256                             {manageable} {ergonomic}
     bool UseCompressedClassPointers               = true                           {product lp64_product} {ergonomic}
     bool UseCompressedOops                        = true                           {product lp64_product} {ergonomic}
     bool UseG1GC                                  = true                                      {product} {ergonomic}
     bool UseLargePagesIndividualAllocation        = false                                  {pd product} {ergonomic}

Logging:
Log output configuration:
 #0: stdout all=warning uptime,level,tags
 #1: stderr all=off uptime,level,tags

Environment Variables:
JAVA_HOME=C:\Program Files\Java\jdk-17
PATH=C:\Program Files\Common Files\Oracle\Java\javapath;C:\Windows\system32;C:\Windows;C:\Windows\System32\Wbem;C:\Windows\System32\WindowsPowerShell\v1.0\;C:\Windows\System32\OpenSSH\;%JAVA_HOME%\bin;C:\Program Files\Git\cmd;C:\Users\bitcamp\AppData\Local\Microsoft\WindowsApps;;C:\Users\bitcamp\AppData\Local\Programs\Microsoft VS Code\bin
USERNAME=bitcamp
OS=Windows_NT
PROCESSOR_IDENTIFIER=Intel64 Family 6 Model 158 Stepping 13, GenuineIntel



---------------  S Y S T E M  ---------------

OS:
 Windows 11 , 64 bit Build 22621 (10.0.22621.2070)
OS uptime: 18 days 20:50 hours

CPU: total 8 (initial active 8) (8 cores per cpu, 1 threads per core) family 6 model 158 stepping 13 microcode 0xec, cx8, cmov, fxsr, mmx, 3dnowpref, sse, sse2, sse3, ssse3, sse4.1, sse4.2, popcnt, lzcnt, tsc, tscinvbit, avx, avx2, aes, erms, clmul, bmi1, bmi2, adx, fma, vzeroupper, clflush, clflushopt

Memory: 4k page, system-wide physical 16222M (4001M free)
TotalPageFile size 46545M (AvailPageFile size 0M)
current process WorkingSet (physical memory assigned to process): 16M, peak: 34M
current process commit charge ("private bytes"): 340M, peak: 341M

vm_info: Java HotSpot(TM) 64-Bit Server VM (17.0.8+9-LTS-211) for windows-amd64 JRE (17.0.8+9-LTS-211), built on Jun 14 2023 10:34:31 by "mach5one" with MS VC++ 17.1 (VS2022)

END.
